[0424/082113.733:INFO:CONSOLE(154)] "Event handler of 'x-storagemutated-1' event must be added on the initial evaluation of worker script.", source: https://static.whatsapp.net/rsrc.php/v4/yf/r/T--2WKC1uB4.js (154)
[0424/082116.598:INFO:CONSOLE(0)] "Error with Permissions-Policy header: Feature xr-spatial-tracking's parameters are ignored.", source:  (0)
[0424/082116.598:INFO:CONSOLE(0)] "Error with Permissions-Policy header: Origin trial controlled feature not enabled: 'attribution-reporting'.", source:  (0)
[0424/082116.598:INFO:CONSOLE(0)] "Error with Permissions-Policy header: Unrecognized feature: 'compute-pressure'.", source:  (0)
[0424/082116.598:INFO:CONSOLE(0)] "Error with Permissions-Policy header: Origin trial controlled feature not enabled: 'interest-cohort'.", source:  (0)
[0424/082116.598:INFO:CONSOLE(0)] "Error with Permissions-Policy header: Unrecognized feature: 'private-state-token-issuance'.", source:  (0)
[0424/082116.598:INFO:CONSOLE(0)] "Error with Permissions-Policy header: Origin trial controlled feature not enabled: 'shared-storage'.", source:  (0)
[0424/082116.598:INFO:CONSOLE(0)] "Error with Permissions-Policy header: Unrecognized feature: 'shared-storage-select-url'.", source:  (0)
[0424/082116.598:INFO:CONSOLE(0)] "Error with Permissions-Policy header: Unrecognized feature: 'private-state-token-redemption'.", source:  (0)
[0424/082116.598:INFO:CONSOLE(0)] "Error with Permissions-Policy header: Unrecognized feature: 'unload'.", source:  (0)
[0424/082116.598:INFO:CONSOLE(0)] "Error with Permissions-Policy header: Unrecognized feature: 'window-management'.", source:  (0)
[0424/082118.508:INFO:CONSOLE(154)] "Event handler of 'x-storagemutated-1' event must be added on the initial evaluation of worker script.", source: https://static.whatsapp.net/rsrc.php/v4/yz/r/sZWulKkGhPe.js (154)
[0424/082126.600:INFO:CONSOLE(74)] "ErrorUtils caught an error:

Converting to a string will drop content data. Hash="undefined" Translation="{user_name} added {names}" Content="{"key":null,"ref":null,"props":{"contact":{"id":"6281342816404@c.us","type":"in","textStatusLastUpdateTime":-1,"syncToAddressbook":false},"showNotifyName":true,"elevatedPushNamesEnabled":true,"onClick":null}}" (type=object,Object)

Subsequent non-fatal errors won't be logged; see https://fburl.com/debugjs. [object Object]", source: https://static.whatsapp.net/rsrc.php/v4/yt/r/D2cDoL_4pmm.js (74)
[0424/082516.341:INFO:CONSOLE(154)] "Event handler of 'x-storagemutated-1' event must be added on the initial evaluation of worker script.", source: https://static.whatsapp.net/rsrc.php/v4/yz/r/sZWulKkGhPe.js (154)
[0424/082830.430:INFO:CONSOLE(154)] "Event handler of 'x-storagemutated-1' event must be added on the initial evaluation of worker script.", source: https://static.whatsapp.net/rsrc.php/v4/yz/r/sZWulKkGhPe.js (154)
[0424/083229.170:INFO:CONSOLE(154)] "Event handler of 'x-storagemutated-1' event must be added on the initial evaluation of worker script.", source: https://static.whatsapp.net/rsrc.php/v4/yz/r/sZWulKkGhPe.js (154)
[0424/083438.638:INFO:CONSOLE(154)] "Event handler of 'x-storagemutated-1' event must be added on the initial evaluation of worker script.", source: https://static.whatsapp.net/rsrc.php/v4/yz/r/sZWulKkGhPe.js (154)
[0424/083724.685:INFO:CONSOLE(154)] "Event handler of 'x-storagemutated-1' event must be added on the initial evaluation of worker script.", source: https://static.whatsapp.net/rsrc.php/v4/yz/r/sZWulKkGhPe.js (154)
[0424/084825.994:INFO:CONSOLE(154)] "Event handler of 'x-storagemutated-1' event must be added on the initial evaluation of worker script.", source: https://static.whatsapp.net/rsrc.php/v4/yz/r/sZWulKkGhPe.js (154)
[0424/085952.798:INFO:CONSOLE(154)] "Event handler of 'x-storagemutated-1' event must be added on the initial evaluation of worker script.", source: https://static.whatsapp.net/rsrc.php/v4/yz/r/sZWulKkGhPe.js (154)
[0424/090923.546:INFO:CONSOLE(154)] "Event handler of 'x-storagemutated-1' event must be added on the initial evaluation of worker script.", source: https://static.whatsapp.net/rsrc.php/v4/yz/r/sZWulKkGhPe.js (154)
[0424/092101.716:INFO:CONSOLE(154)] "Event handler of 'x-storagemutated-1' event must be added on the initial evaluation of worker script.", source: https://static.whatsapp.net/rsrc.php/v4/yz/r/sZWulKkGhPe.js (154)
[0424/093229.276:INFO:CONSOLE(154)] "Event handler of 'x-storagemutated-1' event must be added on the initial evaluation of worker script.", source: https://static.whatsapp.net/rsrc.php/v4/yz/r/sZWulKkGhPe.js (154)
[0424/094944.083:INFO:CONSOLE(154)] "Event handler of 'x-storagemutated-1' event must be added on the initial evaluation of worker script.", source: https://static.whatsapp.net/rsrc.php/v4/yz/r/sZWulKkGhPe.js (154)
[0424/095130.369:INFO:CONSOLE(154)] "Event handler of 'x-storagemutated-1' event must be added on the initial evaluation of worker script.", source: https://static.whatsapp.net/rsrc.php/v4/yz/r/sZWulKkGhPe.js (154)
[0424/100133.063:INFO:CONSOLE(154)] "Event handler of 'x-storagemutated-1' event must be added on the initial evaluation of worker script.", source: https://static.whatsapp.net/rsrc.php/v4/yz/r/sZWulKkGhPe.js (154)
[0424/101506.711:INFO:CONSOLE(154)] "Event handler of 'x-storagemutated-1' event must be added on the initial evaluation of worker script.", source: https://static.whatsapp.net/rsrc.php/v4/yz/r/sZWulKkGhPe.js (154)
[0424/101909.372:INFO:CONSOLE(154)] "Event handler of 'x-storagemutated-1' event must be added on the initial evaluation of worker script.", source: https://static.whatsapp.net/rsrc.php/v4/yz/r/sZWulKkGhPe.js (154)
[0424/102601.154:INFO:CONSOLE(154)] "Event handler of 'x-storagemutated-1' event must be added on the initial evaluation of worker script.", source: https://static.whatsapp.net/rsrc.php/v4/yz/r/sZWulKkGhPe.js (154)
[0424/102911.684:INFO:CONSOLE(154)] "Event handler of 'x-storagemutated-1' event must be added on the initial evaluation of worker script.", source: https://static.whatsapp.net/rsrc.php/v4/yz/r/sZWulKkGhPe.js (154)
[0424/104426.702:INFO:CONSOLE(154)] "Event handler of 'x-storagemutated-1' event must be added on the initial evaluation of worker script.", source: https://static.whatsapp.net/rsrc.php/v4/yz/r/sZWulKkGhPe.js (154)
[0424/110017.369:INFO:CONSOLE(154)] "Event handler of 'x-storagemutated-1' event must be added on the initial evaluation of worker script.", source: https://static.whatsapp.net/rsrc.php/v4/yz/r/sZWulKkGhPe.js (154)
[0424/110700.066:INFO:CONSOLE(154)] "Event handler of 'x-storagemutated-1' event must be added on the initial evaluation of worker script.", source: https://static.whatsapp.net/rsrc.php/v4/yz/r/sZWulKkGhPe.js (154)
[0424/111430.583:INFO:CONSOLE(154)] "Event handler of 'x-storagemutated-1' event must be added on the initial evaluation of worker script.", source: https://static.whatsapp.net/rsrc.php/v4/yz/r/sZWulKkGhPe.js (154)
[0424/112354.109:INFO:CONSOLE(154)] "Event handler of 'x-storagemutated-1' event must be added on the initial evaluation of worker script.", source: https://static.whatsapp.net/rsrc.php/v4/yz/r/sZWulKkGhPe.js (154)
[0424/112827.153:INFO:CONSOLE(154)] "Event handler of 'x-storagemutated-1' event must be added on the initial evaluation of worker script.", source: https://static.whatsapp.net/rsrc.php/v4/yz/r/sZWulKkGhPe.js (154)
[0424/112922.288:INFO:CONSOLE(154)] "Event handler of 'x-storagemutated-1' event must be added on the initial evaluation of worker script.", source: https://static.whatsapp.net/rsrc.php/v4/yz/r/sZWulKkGhPe.js (154)
[0424/113619.933:INFO:CONSOLE(154)] "Event handler of 'x-storagemutated-1' event must be added on the initial evaluation of worker script.", source: https://static.whatsapp.net/rsrc.php/v4/yz/r/sZWulKkGhPe.js (154)
[0424/122735.994:INFO:CONSOLE(154)] "Event handler of 'x-storagemutated-1' event must be added on the initial evaluation of worker script.", source: https://static.whatsapp.net/rsrc.php/v4/yz/r/sZWulKkGhPe.js (154)
[0424/122958.992:INFO:CONSOLE(154)] "Event handler of 'x-storagemutated-1' event must be added on the initial evaluation of worker script.", source: https://static.whatsapp.net/rsrc.php/v4/yz/r/sZWulKkGhPe.js (154)
[0424/123210.820:INFO:CONSOLE(154)] "Event handler of 'x-storagemutated-1' event must be added on the initial evaluation of worker script.", source: https://static.whatsapp.net/rsrc.php/v4/yz/r/sZWulKkGhPe.js (154)
[0424/123743.509:INFO:CONSOLE(154)] "Event handler of 'x-storagemutated-1' event must be added on the initial evaluation of worker script.", source: https://static.whatsapp.net/rsrc.php/v4/yz/r/sZWulKkGhPe.js (154)
[0424/124013.520:INFO:CONSOLE(154)] "Event handler of 'x-storagemutated-1' event must be added on the initial evaluation of worker script.", source: https://static.whatsapp.net/rsrc.php/v4/yz/r/sZWulKkGhPe.js (154)
[0424/124324.828:INFO:CONSOLE(154)] "Event handler of 'x-storagemutated-1' event must be added on the initial evaluation of worker script.", source: https://static.whatsapp.net/rsrc.php/v4/yz/r/sZWulKkGhPe.js (154)
[0424/125305.987:INFO:CONSOLE(154)] "Event handler of 'x-storagemutated-1' event must be added on the initial evaluation of worker script.", source: https://static.whatsapp.net/rsrc.php/v4/yz/r/sZWulKkGhPe.js (154)
[0424/130308.084:INFO:CONSOLE(154)] "Event handler of 'x-storagemutated-1' event must be added on the initial evaluation of worker script.", source: https://static.whatsapp.net/rsrc.php/v4/yz/r/sZWulKkGhPe.js (154)
[0424/130953.977:INFO:CONSOLE(154)] "Event handler of 'x-storagemutated-1' event must be added on the initial evaluation of worker script.", source: https://static.whatsapp.net/rsrc.php/v4/yz/r/sZWulKkGhPe.js (154)
[0424/131059.853:INFO:CONSOLE(154)] "Event handler of 'x-storagemutated-1' event must be added on the initial evaluation of worker script.", source: https://static.whatsapp.net/rsrc.php/v4/yz/r/sZWulKkGhPe.js (154)
[0424/131520.729:INFO:CONSOLE(154)] "Event handler of 'x-storagemutated-1' event must be added on the initial evaluation of worker script.", source: https://static.whatsapp.net/rsrc.php/v4/yz/r/sZWulKkGhPe.js (154)
[0424/131801.595:INFO:CONSOLE(154)] "Event handler of 'x-storagemutated-1' event must be added on the initial evaluation of worker script.", source: https://static.whatsapp.net/rsrc.php/v4/yz/r/sZWulKkGhPe.js (154)
[0424/134605.767:INFO:CONSOLE(154)] "Event handler of 'x-storagemutated-1' event must be added on the initial evaluation of worker script.", source: https://static.whatsapp.net/rsrc.php/v4/yz/r/sZWulKkGhPe.js (154)
[0424/134951.527:INFO:CONSOLE(154)] "Event handler of 'x-storagemutated-1' event must be added on the initial evaluation of worker script.", source: https://static.whatsapp.net/rsrc.php/v4/yz/r/sZWulKkGhPe.js (154)
[0424/142219.774:INFO:CONSOLE(154)] "Event handler of 'x-storagemutated-1' event must be added on the initial evaluation of worker script.", source: https://static.whatsapp.net/rsrc.php/v4/yz/r/sZWulKkGhPe.js (154)
[0424/143602.955:INFO:CONSOLE(154)] "Event handler of 'x-storagemutated-1' event must be added on the initial evaluation of worker script.", source: https://static.whatsapp.net/rsrc.php/v4/yz/r/sZWulKkGhPe.js (154)
[0424/143815.233:INFO:CONSOLE(154)] "Event handler of 'x-storagemutated-1' event must be added on the initial evaluation of worker script.", source: https://static.whatsapp.net/rsrc.php/v4/yz/r/sZWulKkGhPe.js (154)
[0424/144827.862:INFO:CONSOLE(154)] "Event handler of 'x-storagemutated-1' event must be added on the initial evaluation of worker script.", source: https://static.whatsapp.net/rsrc.php/v4/yz/r/sZWulKkGhPe.js (154)
[0424/145447.479:INFO:CONSOLE(1750)] "Failed to parse video contentType: video/mp4; codecs=avc1.42000a", source: https://static.whatsapp.net/rsrc.php/v4i8Pv4/yn/l/rt/5-h8qOtxHa-.js (1750)
[0424/145447.479:INFO:CONSOLE(1750)] "Failed to parse video contentType: video/mp4; codecs=hev1.1.6.L93.B0", source: https://static.whatsapp.net/rsrc.php/v4i8Pv4/yn/l/rt/5-h8qOtxHa-.js (1750)
[0424/145453.526:INFO:CONSOLE(154)] "Event handler of 'x-storagemutated-1' event must be added on the initial evaluation of worker script.", source: https://static.whatsapp.net/rsrc.php/v4/yz/r/sZWulKkGhPe.js (154)
[0424/150719.910:INFO:CONSOLE(154)] "Event handler of 'x-storagemutated-1' event must be added on the initial evaluation of worker script.", source: https://static.whatsapp.net/rsrc.php/v4/yz/r/sZWulKkGhPe.js (154)
[0424/151806.285:INFO:CONSOLE(154)] "Event handler of 'x-storagemutated-1' event must be added on the initial evaluation of worker script.", source: https://static.whatsapp.net/rsrc.php/v4/yz/r/sZWulKkGhPe.js (154)
[0424/152031.407:INFO:CONSOLE(154)] "Event handler of 'x-storagemutated-1' event must be added on the initial evaluation of worker script.", source: https://static.whatsapp.net/rsrc.php/v4/yz/r/sZWulKkGhPe.js (154)
[0424/152120.843:INFO:CONSOLE(154)] "Event handler of 'x-storagemutated-1' event must be added on the initial evaluation of worker script.", source: https://static.whatsapp.net/rsrc.php/v4/yz/r/sZWulKkGhPe.js (154)
[0424/155338.524:INFO:CONSOLE(154)] "Event handler of 'x-storagemutated-1' event must be added on the initial evaluation of worker script.", source: https://static.whatsapp.net/rsrc.php/v4/yz/r/sZWulKkGhPe.js (154)
[0424/155853.152:INFO:CONSOLE(154)] "Event handler of 'x-storagemutated-1' event must be added on the initial evaluation of worker script.", source: https://static.whatsapp.net/rsrc.php/v4/yz/r/sZWulKkGhPe.js (154)
[0424/160040.647:INFO:CONSOLE(154)] "Event handler of 'x-storagemutated-1' event must be added on the initial evaluation of worker script.", source: https://static.whatsapp.net/rsrc.php/v4/yz/r/sZWulKkGhPe.js (154)
[0424/161352.408:INFO:CONSOLE(154)] "Event handler of 'x-storagemutated-1' event must be added on the initial evaluation of worker script.", source: https://static.whatsapp.net/rsrc.php/v4/yz/r/sZWulKkGhPe.js (154)
[0424/162147.605:INFO:CONSOLE(154)] "Event handler of 'x-storagemutated-1' event must be added on the initial evaluation of worker script.", source: https://static.whatsapp.net/rsrc.php/v4/yz/r/sZWulKkGhPe.js (154)
[0424/162547.315:INFO:CONSOLE(154)] "Event handler of 'x-storagemutated-1' event must be added on the initial evaluation of worker script.", source: https://static.whatsapp.net/rsrc.php/v4/yz/r/sZWulKkGhPe.js (154)
[0424/162647.515:INFO:CONSOLE(154)] "Event handler of 'x-storagemutated-1' event must be added on the initial evaluation of worker script.", source: https://static.whatsapp.net/rsrc.php/v4/yz/r/sZWulKkGhPe.js (154)
